<?xml version="1.0" encoding="UTF-8"?>
<!-- Generated by org.testng.reporters.JUnitReportReporter -->
<testsuite hostname="suresh-PC" name="LoginDDT" tests="5" failures="0" timestamp="24 Aug 2016 03:37:59 GMT" time="0.061" errors="0">
  <testcase name="logintest" time="0.002" classname="LoginDDT"/>
  <testcase name="logintest" time="0.004" classname="LoginDDT"/>
  <testcase name="logintest" time="0.030" classname="LoginDDT"/>
  <testcase name="logintest" time="0.004" classname="LoginDDT"/>
  <testcase name="logintest" time="0.021" classname="LoginDDT"/>
</testsuite> <!-- LoginDDT -->
